<?xml version="1.0" encoding="UTF-8"?>
<robot generator="Robot 6.1.1 (Python 3.11.5 on win32)" generated="20230928 13:40:56.944" rpa="false" schemaversion="4">
<suite id="s1" name="Estructurevideo4" source="C:\Users\Sopequipo\Documents\robot framework tutorial\curso youtube - nicolas alvarez\video 04 estructura\estructurevideo4.robot">
<test id="s1-t1" name="Buscar nintendo en google" line="7">
<kw name="Open Browser" library="SeleniumLibrary">
<arg>https://www.google.com/</arg>
<arg>Chrome</arg>
<doc>Opens a new browser instance to the optional ``url``.</doc>
<msg timestamp="20230928 13:40:57.330" level="INFO">Opening browser 'Chrome' to base url 'https://www.google.com/'.</msg>
<msg timestamp="20230928 13:41:01.476" level="WARN">Exception managing chrome: error sending request for url (https://googlechromelabs.github.io/chrome-for-testing/known-good-versions-with-downloads.json): error trying to connect: tcp connect error: Intento de acceso a un socket no permitido por sus permisos de acceso. (os error 10013)</msg>
<status status="PASS" starttime="20230928 13:40:57.330" endtime="20230928 13:41:07.809"/>
</kw>
<kw name="Input Text" library="SeleniumLibrary">
<arg>name:q</arg>
<arg>nintendo</arg>
<doc>Types the given ``text`` into the text field identified by ``locator``.</doc>
<msg timestamp="20230928 13:41:07.809" level="INFO">Typing text 'nintendo' into text field 'name:q'.</msg>
<status status="PASS" starttime="20230928 13:41:07.809" endtime="20230928 13:41:08.134"/>
</kw>
<kw name="Sleep" library="BuiltIn">
<arg>3s</arg>
<doc>Pauses the test executed for the given time.</doc>
<msg timestamp="20230928 13:41:11.134" level="INFO">Slept 3 seconds</msg>
<status status="PASS" starttime="20230928 13:41:08.134" endtime="20230928 13:41:11.134"/>
</kw>
<kw name="Press Key" library="SeleniumLibrary">
<arg>name:q</arg>
<arg>\\13</arg>
<doc>*DEPRECATED in SeleniumLibrary 4.0.* use `Press Keys` instead.</doc>
<msg timestamp="20230928 13:41:11.134" level="WARN">Keyword 'SeleniumLibrary.Press Key' is deprecated. use `Press Keys` instead.</msg>
<status status="PASS" starttime="20230928 13:41:11.134" endtime="20230928 13:41:11.436"/>
</kw>
<kw name="Sleep" library="BuiltIn">
<arg>3s</arg>
<doc>Pauses the test executed for the given time.</doc>
<msg timestamp="20230928 13:41:14.438" level="INFO">Slept 3 seconds</msg>
<status status="PASS" starttime="20230928 13:41:11.438" endtime="20230928 13:41:14.438"/>
</kw>
<kw name="Close Browser" library="SeleniumLibrary">
<doc>Closes the current browser.</doc>
<status status="PASS" starttime="20230928 13:41:14.438" endtime="20230928 13:41:16.780"/>
</kw>
<status status="PASS" starttime="20230928 13:40:57.330" endtime="20230928 13:41:16.780"/>
</test>
<status status="PASS" starttime="20230928 13:40:56.944" endtime="20230928 13:41:16.780"/>
</suite>
<statistics>
<total>
<stat pass="1" fail="0" skip="0">All Tests</stat>
</total>
<tag>
</tag>
<suite>
<stat pass="1" fail="0" skip="0" id="s1" name="Estructurevideo4">Estructurevideo4</stat>
</suite>
</statistics>
<errors>
<msg timestamp="20230928 13:41:01.476" level="WARN">Exception managing chrome: error sending request for url (https://googlechromelabs.github.io/chrome-for-testing/known-good-versions-with-downloads.json): error trying to connect: tcp connect error: Intento de acceso a un socket no permitido por sus permisos de acceso. (os error 10013)</msg>
<msg timestamp="20230928 13:41:11.134" level="WARN">Keyword 'SeleniumLibrary.Press Key' is deprecated. use `Press Keys` instead.</msg>
</errors>
</robot>
